<?xml version="1.0" encoding="UTF-8"?>
<!-- Generated by org.testng.reporters.JUnitReportReporter -->
<testsuite hostname="LAPTOP-E1Q231MT" failures="0" tests="1" name="Testscripts.login_scripts" time="26.764" errors="0" timestamp="2022-05-01T12:36:31 IST" skipped="0">
  <testcase classname="Testscripts.login_scripts" name="test" time="26.764"/>
  <system-out/>
</testsuite> <!-- Testscripts.login_scripts -->
