<?xml version="1.0" encoding="UTF-8"?>
<!-- Generated by org.testng.reporters.JUnitReportReporter -->
<testsuite hostname="LAPTOP-E1Q231MT" failures="0" tests="2" name="selenium.TestNg" time="0.014" errors="0" timestamp="2022-04-23T09:30:15 IST" skipped="0">
  <testcase classname="selenium.TestNg" name="test" time="0.013"/>
  <system-out>
    <![CDATA[beginning of framework]]>
  </system-out>
  <testcase classname="selenium.TestNg" name="test1" time="0.001"/>
  <system-out>
    <![CDATA[end of frame work]]>
  </system-out>
</testsuite> <!-- selenium.TestNg -->
